Analysis & Synthesis report for ProjetoFinal
Thu Mar 18 18:03:30 2021
Quartus II 64-Bit Version 13.0.1 Build 232 06/12/2013 Service Pack 1 SJ Web Edition


---------------------
; Table of Contents ;
---------------------
  1. Legal Notice
  2. Analysis & Synthesis Summary
  3. Analysis & Synthesis Settings
  4. Parallel Compilation
  5. Analysis & Synthesis Source Files Read
  6. Analysis & Synthesis Resource Usage Summary
  7. Analysis & Synthesis Resource Utilization by Entity
  8. State Machine - |ProjetoFinal|state
  9. User-Specified and Inferred Latches
 10. General Register Statistics
 11. Multiplexer Restructuring Statistics (Restructuring Performed)
 12. Elapsed Time Per Partition
 13. Analysis & Synthesis Messages



----------------
; Legal Notice ;
----------------
Copyright (C) 1991-2013 Altera Corporation
Your use of Altera Corporation's design tools, logic functions 
and other software and tools, and its AMPP partner logic 
functions, and any output files from any of the foregoing 
(including device programming or simulation files), and any 
associated documentation or information are expressly subject 
to the terms and conditions of the Altera Program License 
Subscription Agreement, Altera MegaCore Function License 
Agreement, or other applicable license agreement, including, 
without limitation, that your use is for the sole purpose of 
programming logic devices manufactured by Altera and sold by 
Altera or its authorized distributors.  Please refer to the 
applicable agreement for further details.



+--------------------------------------------------------------------------------------+
; Analysis & Synthesis Summary                                                         ;
+------------------------------------+-------------------------------------------------+
; Analysis & Synthesis Status        ; Successful - Thu Mar 18 18:03:30 2021           ;
; Quartus II 64-Bit Version          ; 13.0.1 Build 232 06/12/2013 SP 1 SJ Web Edition ;
; Revision Name                      ; ProjetoFinal                                    ;
; Top-level Entity Name              ; ProjetoFinal                                    ;
; Family                             ; Cyclone II                                      ;
; Total logic elements               ; 144                                             ;
;     Total combinational functions  ; 144                                             ;
;     Dedicated logic registers      ; 8                                               ;
; Total registers                    ; 8                                               ;
; Total pins                         ; 90                                              ;
; Total virtual pins                 ; 0                                               ;
; Total memory bits                  ; 0                                               ;
; Embedded Multiplier 9-bit elements ; 0                                               ;
; Total PLLs                         ; 0                                               ;
+------------------------------------+-------------------------------------------------+


+----------------------------------------------------------------------------------------------------------------------+
; Analysis & Synthesis Settings                                                                                        ;
+----------------------------------------------------------------------------+--------------------+--------------------+
; Option                                                                     ; Setting            ; Default Value      ;
+----------------------------------------------------------------------------+--------------------+--------------------+
; Device                                                                     ; EP2C35F672C6       ;                    ;
; Top-level entity name                                                      ; ProjetoFinal       ; ProjetoFinal       ;
; Family name                                                                ; Cyclone II         ; Cyclone IV GX      ;
; Use smart compilation                                                      ; Off                ; Off                ;
; Enable parallel Assembler and TimeQuest Timing Analyzer during compilation ; On                 ; On                 ;
; Enable compact report table                                                ; Off                ; Off                ;
; Restructure Multiplexers                                                   ; Auto               ; Auto               ;
; Create Debugging Nodes for IP Cores                                        ; Off                ; Off                ;
; Preserve fewer node names                                                  ; On                 ; On                 ;
; Disable OpenCore Plus hardware evaluation                                  ; Off                ; Off                ;
; Verilog Version                                                            ; Verilog_2001       ; Verilog_2001       ;
; VHDL Version                                                               ; VHDL_1993          ; VHDL_1993          ;
; State Machine Processing                                                   ; Auto               ; Auto               ;
; Safe State Machine                                                         ; Off                ; Off                ;
; Extract Verilog State Machines                                             ; On                 ; On                 ;
; Extract VHDL State Machines                                                ; On                 ; On                 ;
; Ignore Verilog initial constructs                                          ; Off                ; Off                ;
; Iteration limit for constant Verilog loops                                 ; 5000               ; 5000               ;
; Iteration limit for non-constant Verilog loops                             ; 250                ; 250                ;
; Add Pass-Through Logic to Inferred RAMs                                    ; On                 ; On                 ;
; Infer RAMs from Raw Logic                                                  ; On                 ; On                 ;
; Parallel Synthesis                                                         ; On                 ; On                 ;
; DSP Block Balancing                                                        ; Auto               ; Auto               ;
; NOT Gate Push-Back                                                         ; On                 ; On                 ;
; Power-Up Don't Care                                                        ; On                 ; On                 ;
; Remove Redundant Logic Cells                                               ; Off                ; Off                ;
; Remove Duplicate Registers                                                 ; On                 ; On                 ;
; Ignore CARRY Buffers                                                       ; Off                ; Off                ;
; Ignore CASCADE Buffers                                                     ; Off                ; Off                ;
; Ignore GLOBAL Buffers                                                      ; Off                ; Off                ;
; Ignore ROW GLOBAL Buffers                                                  ; Off                ; Off                ;
; Ignore LCELL Buffers                                                       ; Off                ; Off                ;
; Ignore SOFT Buffers                                                        ; On                 ; On                 ;
; Limit AHDL Integers to 32 Bits                                             ; Off                ; Off                ;
; Optimization Technique                                                     ; Balanced           ; Balanced           ;
; Carry Chain Length                                                         ; 70                 ; 70                 ;
; Auto Carry Chains                                                          ; On                 ; On                 ;
; Auto Open-Drain Pins                                                       ; On                 ; On                 ;
; Perform WYSIWYG Primitive Resynthesis                                      ; Off                ; Off                ;
; Auto ROM Replacement                                                       ; On                 ; On                 ;
; Auto RAM Replacement                                                       ; On                 ; On                 ;
; Auto Shift Register Replacement                                            ; Auto               ; Auto               ;
; Allow Shift Register Merging across Hierarchies                            ; Auto               ; Auto               ;
; Auto Clock Enable Replacement                                              ; On                 ; On                 ;
; Strict RAM Replacement                                                     ; Off                ; Off                ;
; Allow Synchronous Control Signals                                          ; On                 ; On                 ;
; Force Use of Synchronous Clear Signals                                     ; Off                ; Off                ;
; Auto RAM to Logic Cell Conversion                                          ; Off                ; Off                ;
; Auto Resource Sharing                                                      ; Off                ; Off                ;
; Allow Any RAM Size For Recognition                                         ; Off                ; Off                ;
; Allow Any ROM Size For Recognition                                         ; Off                ; Off                ;
; Allow Any Shift Register Size For Recognition                              ; Off                ; Off                ;
; Use LogicLock Constraints during Resource Balancing                        ; On                 ; On                 ;
; Ignore translate_off and synthesis_off directives                          ; Off                ; Off                ;
; Timing-Driven Synthesis                                                    ; Off                ; Off                ;
; Report Parameter Settings                                                  ; On                 ; On                 ;
; Report Source Assignments                                                  ; On                 ; On                 ;
; Report Connectivity Checks                                                 ; On                 ; On                 ;
; Ignore Maximum Fan-Out Assignments                                         ; Off                ; Off                ;
; Synchronization Register Chain Length                                      ; 2                  ; 2                  ;
; PowerPlay Power Optimization                                               ; Normal compilation ; Normal compilation ;
; HDL message level                                                          ; Level2             ; Level2             ;
; Suppress Register Optimization Related Messages                            ; Off                ; Off                ;
; Number of Removed Registers Reported in Synthesis Report                   ; 5000               ; 5000               ;
; Number of Swept Nodes Reported in Synthesis Report                         ; 5000               ; 5000               ;
; Number of Inverted Registers Reported in Synthesis Report                  ; 100                ; 100                ;
; Clock MUX Protection                                                       ; On                 ; On                 ;
; Auto Gated Clock Conversion                                                ; Off                ; Off                ;
; Block Design Naming                                                        ; Auto               ; Auto               ;
; SDC constraint protection                                                  ; Off                ; Off                ;
; Synthesis Effort                                                           ; Auto               ; Auto               ;
; Shift Register Replacement - Allow Asynchronous Clear Signal               ; On                 ; On                 ;
; Pre-Mapping Resynthesis Optimization                                       ; Off                ; Off                ;
; Analysis & Synthesis Message Level                                         ; Medium             ; Medium             ;
; Disable Register Merging Across Hierarchies                                ; Auto               ; Auto               ;
; Resource Aware Inference For Block RAM                                     ; On                 ; On                 ;
; Synthesis Seed                                                             ; 1                  ; 1                  ;
+----------------------------------------------------------------------------+--------------------+--------------------+


Parallel compilation was disabled, but you have multiple processors available. Enable parallel compilation to reduce compilation time.
+-------------------------------------+
; Parallel Compilation                ;
+----------------------------+--------+
; Processors                 ; Number ;
+----------------------------+--------+
; Number detected on machine ; 4      ;
; Maximum allowed            ; 1      ;
+----------------------------+--------+


+-------------------------------------------------------------------------------------------------------------------------------------+
; Analysis & Synthesis Source Files Read                                                                                              ;
+----------------------------------+-----------------+-----------------+----------------------------------------------------+---------+
; File Name with User-Entered Path ; Used in Netlist ; File Type       ; File Name with Absolute Path                       ; Library ;
+----------------------------------+-----------------+-----------------+----------------------------------------------------+---------+
; ProjetoFinal.vhd                 ; yes             ; User VHDL File  ; C:/altera/Trabalhos/Projeto Final/ProjetoFinal.vhd ;         ;
+----------------------------------+-----------------+-----------------+----------------------------------------------------+---------+


+---------------------------------------------------------------+
; Analysis & Synthesis Resource Usage Summary                   ;
+---------------------------------------------+-----------------+
; Resource                                    ; Usage           ;
+---------------------------------------------+-----------------+
; Estimated Total logic elements              ; 144             ;
;                                             ;                 ;
; Total combinational functions               ; 144             ;
; Logic element usage by number of LUT inputs ;                 ;
;     -- 4 input functions                    ; 17              ;
;     -- 3 input functions                    ; 81              ;
;     -- <=2 input functions                  ; 46              ;
;                                             ;                 ;
; Logic elements by mode                      ;                 ;
;     -- normal mode                          ; 136             ;
;     -- arithmetic mode                      ; 8               ;
;                                             ;                 ;
; Total registers                             ; 8               ;
;     -- Dedicated logic registers            ; 8               ;
;     -- I/O registers                        ; 0               ;
;                                             ;                 ;
; I/O pins                                    ; 90              ;
; Embedded Multiplier 9-bit elements          ; 0               ;
; Maximum fan-out node                        ; state.Dispenser ;
; Maximum fan-out                             ; 33              ;
; Total fan-out                               ; 474             ;
; Average fan-out                             ; 1.96            ;
+---------------------------------------------+-----------------+


+-----------------------------------------------------------------------------------------------------------------------------------------------------------------------------+
; Analysis & Synthesis Resource Utilization by Entity                                                                                                                         ;
+----------------------------+-------------------+--------------+-------------+--------------+---------+-----------+------+--------------+---------------------+--------------+
; Compilation Hierarchy Node ; LC Combinationals ; LC Registers ; Memory Bits ; DSP Elements ; DSP 9x9 ; DSP 18x18 ; Pins ; Virtual Pins ; Full Hierarchy Name ; Library Name ;
+----------------------------+-------------------+--------------+-------------+--------------+---------+-----------+------+--------------+---------------------+--------------+
; |ProjetoFinal              ; 144 (144)         ; 8 (8)        ; 0           ; 0            ; 0       ; 0         ; 90   ; 0            ; |ProjetoFinal       ; work         ;
+----------------------------+-------------------+--------------+-------------+--------------+---------+-----------+------+--------------+---------------------+--------------+
Note: For table entries with two numbers listed, the numbers in parentheses indicate the number of resources of the given type used by the specific entity alone. The numbers listed outside of parentheses indicate the total resources of the given type used by the specific entity and all of its sub-entities in the hierarchy.


Encoding Type:  One-Hot
+-----------------------------------------------------------------------------------------------------------------------------------------------------------------+
; State Machine - |ProjetoFinal|state                                                                                                                             ;
+---------------------+----------------+-----------------+-------------+--------------------+----------------+--------------+---------------------+---------------+
; Name                ; state.Cancelar ; state.Dispenser ; state.Troco ; state.SomaDinheiro ; state.Dinheiro ; state.Cartao ; state.TipoPagamento ; state.StandBy ;
+---------------------+----------------+-----------------+-------------+--------------------+----------------+--------------+---------------------+---------------+
; state.StandBy       ; 0              ; 0               ; 0           ; 0                  ; 0              ; 0            ; 0                   ; 0             ;
; state.TipoPagamento ; 0              ; 0               ; 0           ; 0                  ; 0              ; 0            ; 1                   ; 1             ;
; state.Cartao        ; 0              ; 0               ; 0           ; 0                  ; 0              ; 1            ; 0                   ; 1             ;
; state.Dinheiro      ; 0              ; 0               ; 0           ; 0                  ; 1              ; 0            ; 0                   ; 1             ;
; state.SomaDinheiro  ; 0              ; 0               ; 0           ; 1                  ; 0              ; 0            ; 0                   ; 1             ;
; state.Troco         ; 0              ; 0               ; 1           ; 0                  ; 0              ; 0            ; 0                   ; 1             ;
; state.Dispenser     ; 0              ; 1               ; 0           ; 0                  ; 0              ; 0            ; 0                   ; 1             ;
; state.Cancelar      ; 1              ; 0               ; 0           ; 0                  ; 0              ; 0            ; 0                   ; 1             ;
+---------------------+----------------+-----------------+-------------+--------------------+----------------+--------------+---------------------+---------------+


+----------------------------------------------------------------------------------------------------+
; User-Specified and Inferred Latches                                                                ;
+-----------------------------------------------------+---------------------+------------------------+
; Latch Name                                          ; Latch Enable Signal ; Free of Timing Hazards ;
+-----------------------------------------------------+---------------------+------------------------+
; Valor_cartao[0]$latch                               ; WideOr7             ; yes                    ;
; Valor_cartao[1]$latch                               ; WideOr7             ; yes                    ;
; Valor_cartao[2]$latch                               ; WideOr7             ; yes                    ;
; Valor_cartao[3]$latch                               ; WideOr7             ; yes                    ;
; Valor_cartao[4]$latch                               ; WideOr7             ; yes                    ;
; Money_out[0]$latch                                  ; WideOr8             ; yes                    ;
; Money_out[1]$latch                                  ; WideOr8             ; yes                    ;
; Money_out[2]$latch                                  ; WideOr8             ; yes                    ;
; Money_out[3]$latch                                  ; WideOr8             ; yes                    ;
; Money_out[4]$latch                                  ; WideOr8             ; yes                    ;
; saida_dispenser[0]$latch                            ; state               ; yes                    ;
; saida_dispenser[1]$latch                            ; state               ; yes                    ;
; saida_dispenser[2]$latch                            ; state               ; yes                    ;
; saida_dispenser[3]$latch                            ; state               ; yes                    ;
; saida_dispenser[4]$latch                            ; state               ; yes                    ;
; saida_dispenser[5]$latch                            ; state               ; yes                    ;
; saida_dispenser[6]$latch                            ; state               ; yes                    ;
; saida_dispenser[7]$latch                            ; state               ; yes                    ;
; saida_dispenser[8]$latch                            ; state               ; yes                    ;
; saida_dispenser[9]$latch                            ; state               ; yes                    ;
; saida_dispenser[10]$latch                           ; state               ; yes                    ;
; saida_dispenser[11]$latch                           ; state               ; yes                    ;
; saida_dispenser[12]$latch                           ; state               ; yes                    ;
; saida_dispenser[13]$latch                           ; state               ; yes                    ;
; saida_dispenser[14]$latch                           ; state               ; yes                    ;
; saida_dispenser[15]$latch                           ; state               ; yes                    ;
; saida_dispenser[16]$latch                           ; state               ; yes                    ;
; saida_dispenser[17]$latch                           ; state               ; yes                    ;
; saida_dispenser[18]$latch                           ; state               ; yes                    ;
; saida_dispenser[19]$latch                           ; state               ; yes                    ;
; saida_dispenser[20]$latch                           ; state               ; yes                    ;
; saida_dispenser[21]$latch                           ; state               ; yes                    ;
; saida_dispenser[22]$latch                           ; state               ; yes                    ;
; saida_dispenser[23]$latch                           ; state               ; yes                    ;
; saida_dispenser[24]$latch                           ; state               ; yes                    ;
; saida_dispenser[25]$latch                           ; state               ; yes                    ;
; saida_dispenser[26]$latch                           ; state               ; yes                    ;
; saida_dispenser[27]$latch                           ; state               ; yes                    ;
; saida_dispenser[28]$latch                           ; state               ; yes                    ;
; saida_dispenser[29]$latch                           ; state               ; yes                    ;
; saida_dispenser[30]$latch                           ; state               ; yes                    ;
; saida_dispenser[31]$latch                           ; state               ; yes                    ;
; somatorio[0]$latch                                  ; state.SomaDinheiro  ; yes                    ;
; somatorio[1]$latch                                  ; state.SomaDinheiro  ; yes                    ;
; somatorio[2]$latch                                  ; state.SomaDinheiro  ; yes                    ;
; somatorio[3]$latch                                  ; state.SomaDinheiro  ; yes                    ;
; somatorio[4]$latch                                  ; state.SomaDinheiro  ; yes                    ;
; preco[0]                                            ; state.TipoPagamento ; yes                    ;
; preco[1]                                            ; state.TipoPagamento ; yes                    ;
; preco[2]                                            ; state.TipoPagamento ; yes                    ;
; preco[3]                                            ; state.TipoPagamento ; yes                    ;
; preco[4]                                            ; state.TipoPagamento ; yes                    ;
; soma[0]                                             ; soma[0]             ; yes                    ;
; soma[1]                                             ; soma[0]             ; yes                    ;
; soma[2]                                             ; soma[0]             ; yes                    ;
; soma[3]                                             ; soma[0]             ; yes                    ;
; soma[4]                                             ; soma[0]             ; yes                    ;
; naopago                                             ; WideOr6             ; yes                    ;
; Number of user-specified and inferred latches = 58  ;                     ;                        ;
+-----------------------------------------------------+---------------------+------------------------+
Note: All latches listed above may not be present at the end of synthesis due to various synthesis optimizations.


+------------------------------------------------------+
; General Register Statistics                          ;
+----------------------------------------------+-------+
; Statistic                                    ; Value ;
+----------------------------------------------+-------+
; Total registers                              ; 8     ;
; Number of registers using Synchronous Clear  ; 0     ;
; Number of registers using Synchronous Load   ; 0     ;
; Number of registers using Asynchronous Clear ; 8     ;
; Number of registers using Asynchronous Load  ; 0     ;
; Number of registers using Clock Enable       ; 0     ;
; Number of registers using Preset             ; 0     ;
+----------------------------------------------+-------+


+------------------------------------------------------------------------------------------------------------------------------------------+
; Multiplexer Restructuring Statistics (Restructuring Performed)                                                                           ;
+--------------------+-----------+---------------+----------------------+------------------------+------------+----------------------------+
; Multiplexer Inputs ; Bus Width ; Baseline Area ; Area if Restructured ; Saving if Restructured ; Registered ; Example Multiplexer Output ;
+--------------------+-----------+---------------+----------------------+------------------------+------------+----------------------------+
; 3:1                ; 6 bits    ; 12 LEs        ; 12 LEs               ; 0 LEs                  ; No         ; |ProjetoFinal|state        ;
+--------------------+-----------+---------------+----------------------+------------------------+------------+----------------------------+


+-------------------------------+
; Elapsed Time Per Partition    ;
+----------------+--------------+
; Partition Name ; Elapsed Time ;
+----------------+--------------+
; Top            ; 00:00:00     ;
+----------------+--------------+


+-------------------------------+
; Analysis & Synthesis Messages ;
+-------------------------------+
Info: *******************************************************************
Info: Running Quartus II 64-Bit Analysis & Synthesis
    Info: Version 13.0.1 Build 232 06/12/2013 Service Pack 1 SJ Web Edition
    Info: Processing started: Thu Mar 18 18:03:27 2021
Info: Command: quartus_map --read_settings_files=on --write_settings_files=off ProjetoFinal -c ProjetoFinal
Warning (20028): Parallel compilation is not licensed and has been disabled
Info (12021): Found 2 design units, including 1 entities, in source file projetofinal.vhd
    Info (12022): Found design unit 1: ProjetoFinal-rtl
    Info (12023): Found entity 1: ProjetoFinal
Info (12021): Found 2 design units, including 1 entities, in source file tb_projetofinal.vhd
    Info (12022): Found design unit 1: tb_ProjetoFinal-behavior
    Info (12023): Found entity 1: tb_ProjetoFinal
Info (12127): Elaborating entity "ProjetoFinal" for the top level hierarchy
Warning (10036): Verilog HDL or VHDL warning at ProjetoFinal.vhd(48): object "outros" assigned a value but never read
Warning (10492): VHDL Process Statement warning at ProjetoFinal.vhd(121): signal "preco_produtos" is read inside the Process Statement but isn't in the Process Statement's sensitivity list
Warning (10492): VHDL Process Statement warning at ProjetoFinal.vhd(121): signal "Produto" is read inside the Process Statement but isn't in the Process Statement's sensitivity list
Warning (10492): VHDL Process Statement warning at ProjetoFinal.vhd(125): signal "preco" is read inside the Process Statement but isn't in the Process Statement's sensitivity list
Warning (10492): VHDL Process Statement warning at ProjetoFinal.vhd(133): signal "soma" is read inside the Process Statement but isn't in the Process Statement's sensitivity list
Warning (10492): VHDL Process Statement warning at ProjetoFinal.vhd(134): signal "soma" is read inside the Process Statement but isn't in the Process Statement's sensitivity list
Warning (10492): VHDL Process Statement warning at ProjetoFinal.vhd(134): signal "preco" is read inside the Process Statement but isn't in the Process Statement's sensitivity list
Warning (10492): VHDL Process Statement warning at ProjetoFinal.vhd(136): signal "soma" is read inside the Process Statement but isn't in the Process Statement's sensitivity list
Warning (10492): VHDL Process Statement warning at ProjetoFinal.vhd(136): signal "Money_in" is read inside the Process Statement but isn't in the Process Statement's sensitivity list
Warning (10492): VHDL Process Statement warning at ProjetoFinal.vhd(144): signal "soma" is read inside the Process Statement but isn't in the Process Statement's sensitivity list
Warning (10492): VHDL Process Statement warning at ProjetoFinal.vhd(144): signal "preco" is read inside the Process Statement but isn't in the Process Statement's sensitivity list
Warning (10492): VHDL Process Statement warning at ProjetoFinal.vhd(148): signal "soma" is read inside the Process Statement but isn't in the Process Statement's sensitivity list
Warning (10492): VHDL Process Statement warning at ProjetoFinal.vhd(151): signal "Produto" is read inside the Process Statement but isn't in the Process Statement's sensitivity list
Warning (10631): VHDL Process Statement warning at ProjetoFinal.vhd(115): inferring latch(es) for signal or variable "preco", which holds its previous value in one or more paths through the process
Warning (10631): VHDL Process Statement warning at ProjetoFinal.vhd(115): inferring latch(es) for signal or variable "naopago", which holds its previous value in one or more paths through the process
Warning (10631): VHDL Process Statement warning at ProjetoFinal.vhd(115): inferring latch(es) for signal or variable "Valor_cartao", which holds its previous value in one or more paths through the process
Warning (10631): VHDL Process Statement warning at ProjetoFinal.vhd(115): inferring latch(es) for signal or variable "somatorio", which holds its previous value in one or more paths through the process
Warning (10631): VHDL Process Statement warning at ProjetoFinal.vhd(115): inferring latch(es) for signal or variable "soma", which holds its previous value in one or more paths through the process
Warning (10631): VHDL Process Statement warning at ProjetoFinal.vhd(115): inferring latch(es) for signal or variable "Money_out", which holds its previous value in one or more paths through the process
Warning (10631): VHDL Process Statement warning at ProjetoFinal.vhd(115): inferring latch(es) for signal or variable "saida_dispenser", which holds its previous value in one or more paths through the process
Info (10041): Inferred latch for "saida_dispenser[0]" at ProjetoFinal.vhd(115)
Info (10041): Inferred latch for "saida_dispenser[1]" at ProjetoFinal.vhd(115)
Info (10041): Inferred latch for "saida_dispenser[2]" at ProjetoFinal.vhd(115)
Info (10041): Inferred latch for "saida_dispenser[3]" at ProjetoFinal.vhd(115)
Info (10041): Inferred latch for "saida_dispenser[4]" at ProjetoFinal.vhd(115)
Info (10041): Inferred latch for "saida_dispenser[5]" at ProjetoFinal.vhd(115)
Info (10041): Inferred latch for "saida_dispenser[6]" at ProjetoFinal.vhd(115)
Info (10041): Inferred latch for "saida_dispenser[7]" at ProjetoFinal.vhd(115)
Info (10041): Inferred latch for "saida_dispenser[8]" at ProjetoFinal.vhd(115)
Info (10041): Inferred latch for "saida_dispenser[9]" at ProjetoFinal.vhd(115)
Info (10041): Inferred latch for "saida_dispenser[10]" at ProjetoFinal.vhd(115)
Info (10041): Inferred latch for "saida_dispenser[11]" at ProjetoFinal.vhd(115)
Info (10041): Inferred latch for "saida_dispenser[12]" at ProjetoFinal.vhd(115)
Info (10041): Inferred latch for "saida_dispenser[13]" at ProjetoFinal.vhd(115)
Info (10041): Inferred latch for "saida_dispenser[14]" at ProjetoFinal.vhd(115)
Info (10041): Inferred latch for "saida_dispenser[15]" at ProjetoFinal.vhd(115)
Info (10041): Inferred latch for "saida_dispenser[16]" at ProjetoFinal.vhd(115)
Info (10041): Inferred latch for "saida_dispenser[17]" at ProjetoFinal.vhd(115)
Info (10041): Inferred latch for "saida_dispenser[18]" at ProjetoFinal.vhd(115)
Info (10041): Inferred latch for "saida_dispenser[19]" at ProjetoFinal.vhd(115)
Info (10041): Inferred latch for "saida_dispenser[20]" at ProjetoFinal.vhd(115)
Info (10041): Inferred latch for "saida_dispenser[21]" at ProjetoFinal.vhd(115)
Info (10041): Inferred latch for "saida_dispenser[22]" at ProjetoFinal.vhd(115)
Info (10041): Inferred latch for "saida_dispenser[23]" at ProjetoFinal.vhd(115)
Info (10041): Inferred latch for "saida_dispenser[24]" at ProjetoFinal.vhd(115)
Info (10041): Inferred latch for "saida_dispenser[25]" at ProjetoFinal.vhd(115)
Info (10041): Inferred latch for "saida_dispenser[26]" at ProjetoFinal.vhd(115)
Info (10041): Inferred latch for "saida_dispenser[27]" at ProjetoFinal.vhd(115)
Info (10041): Inferred latch for "saida_dispenser[28]" at ProjetoFinal.vhd(115)
Info (10041): Inferred latch for "saida_dispenser[29]" at ProjetoFinal.vhd(115)
Info (10041): Inferred latch for "saida_dispenser[30]" at ProjetoFinal.vhd(115)
Info (10041): Inferred latch for "saida_dispenser[31]" at ProjetoFinal.vhd(115)
Info (10041): Inferred latch for "Money_out[0]" at ProjetoFinal.vhd(115)
Info (10041): Inferred latch for "Money_out[1]" at ProjetoFinal.vhd(115)
Info (10041): Inferred latch for "Money_out[2]" at ProjetoFinal.vhd(115)
Info (10041): Inferred latch for "Money_out[3]" at ProjetoFinal.vhd(115)
Info (10041): Inferred latch for "Money_out[4]" at ProjetoFinal.vhd(115)
Info (10041): Inferred latch for "soma[0]" at ProjetoFinal.vhd(115)
Info (10041): Inferred latch for "soma[1]" at ProjetoFinal.vhd(115)
Info (10041): Inferred latch for "soma[2]" at ProjetoFinal.vhd(115)
Info (10041): Inferred latch for "soma[3]" at ProjetoFinal.vhd(115)
Info (10041): Inferred latch for "soma[4]" at ProjetoFinal.vhd(115)
Info (10041): Inferred latch for "somatorio[0]" at ProjetoFinal.vhd(115)
Info (10041): Inferred latch for "somatorio[1]" at ProjetoFinal.vhd(115)
Info (10041): Inferred latch for "somatorio[2]" at ProjetoFinal.vhd(115)
Info (10041): Inferred latch for "somatorio[3]" at ProjetoFinal.vhd(115)
Info (10041): Inferred latch for "somatorio[4]" at ProjetoFinal.vhd(115)
Info (10041): Inferred latch for "Valor_cartao[0]" at ProjetoFinal.vhd(115)
Info (10041): Inferred latch for "Valor_cartao[1]" at ProjetoFinal.vhd(115)
Info (10041): Inferred latch for "Valor_cartao[2]" at ProjetoFinal.vhd(115)
Info (10041): Inferred latch for "Valor_cartao[3]" at ProjetoFinal.vhd(115)
Info (10041): Inferred latch for "Valor_cartao[4]" at ProjetoFinal.vhd(115)
Info (10041): Inferred latch for "naopago" at ProjetoFinal.vhd(115)
Info (10041): Inferred latch for "preco[0]" at ProjetoFinal.vhd(115)
Info (10041): Inferred latch for "preco[1]" at ProjetoFinal.vhd(115)
Info (10041): Inferred latch for "preco[2]" at ProjetoFinal.vhd(115)
Info (10041): Inferred latch for "preco[3]" at ProjetoFinal.vhd(115)
Info (10041): Inferred latch for "preco[4]" at ProjetoFinal.vhd(115)
Warning (13012): Latch Valor_cartao[0]$latch has unsafe behavior
    Warning (13013): Ports D and ENA on the latch are fed by the same signal state.Dinheiro
Warning (13012): Latch Valor_cartao[1]$latch has unsafe behavior
    Warning (13013): Ports D and ENA on the latch are fed by the same signal state.Dinheiro
Warning (13012): Latch Valor_cartao[2]$latch has unsafe behavior
    Warning (13013): Ports D and ENA on the latch are fed by the same signal state.Dinheiro
Warning (13012): Latch Valor_cartao[3]$latch has unsafe behavior
    Warning (13013): Ports D and ENA on the latch are fed by the same signal state.Dinheiro
Warning (13012): Latch Valor_cartao[4]$latch has unsafe behavior
    Warning (13013): Ports D and ENA on the latch are fed by the same signal state.Dinheiro
Warning (13012): Latch Money_out[0]$latch has unsafe behavior
    Warning (13013): Ports D and ENA on the latch are fed by the same signal state.Cancelar
Warning (13012): Latch Money_out[1]$latch has unsafe behavior
    Warning (13013): Ports D and ENA on the latch are fed by the same signal state.Cancelar
Warning (13012): Latch Money_out[2]$latch has unsafe behavior
    Warning (13013): Ports D and ENA on the latch are fed by the same signal state.Cancelar
Warning (13012): Latch Money_out[3]$latch has unsafe behavior
    Warning (13013): Ports D and ENA on the latch are fed by the same signal state.Cancelar
Warning (13012): Latch Money_out[4]$latch has unsafe behavior
    Warning (13013): Ports D and ENA on the latch are fed by the same signal state.Cancelar
Warning (13012): Latch saida_dispenser[0]$latch has unsafe behavior
    Warning (13013): Ports D and ENA on the latch are fed by the same signal state.Dispenser
Warning (13012): Latch saida_dispenser[1]$latch has unsafe behavior
    Warning (13013): Ports D and ENA on the latch are fed by the same signal state.Dispenser
Warning (13012): Latch saida_dispenser[2]$latch has unsafe behavior
    Warning (13013): Ports D and ENA on the latch are fed by the same signal state.Dispenser
Warning (13012): Latch saida_dispenser[3]$latch has unsafe behavior
    Warning (13013): Ports D and ENA on the latch are fed by the same signal state.Dispenser
Warning (13012): Latch saida_dispenser[4]$latch has unsafe behavior
    Warning (13013): Ports D and ENA on the latch are fed by the same signal state.Dispenser
Warning (13012): Latch saida_dispenser[5]$latch has unsafe behavior
    Warning (13013): Ports D and ENA on the latch are fed by the same signal state.Dispenser
Warning (13012): Latch saida_dispenser[6]$latch has unsafe behavior
    Warning (13013): Ports D and ENA on the latch are fed by the same signal state.Dispenser
Warning (13012): Latch saida_dispenser[7]$latch has unsafe behavior
    Warning (13013): Ports D and ENA on the latch are fed by the same signal state.Dispenser
Warning (13012): Latch saida_dispenser[8]$latch has unsafe behavior
    Warning (13013): Ports D and ENA on the latch are fed by the same signal state.Dispenser
Warning (13012): Latch saida_dispenser[9]$latch has unsafe behavior
    Warning (13013): Ports D and ENA on the latch are fed by the same signal state.Dispenser
Warning (13012): Latch saida_dispenser[10]$latch has unsafe behavior
    Warning (13013): Ports D and ENA on the latch are fed by the same signal state.Dispenser
Warning (13012): Latch saida_dispenser[11]$latch has unsafe behavior
    Warning (13013): Ports D and ENA on the latch are fed by the same signal state.Dispenser
Warning (13012): Latch saida_dispenser[12]$latch has unsafe behavior
    Warning (13013): Ports D and ENA on the latch are fed by the same signal state.Dispenser
Warning (13012): Latch saida_dispenser[13]$latch has unsafe behavior
    Warning (13013): Ports D and ENA on the latch are fed by the same signal state.Dispenser
Warning (13012): Latch saida_dispenser[14]$latch has unsafe behavior
    Warning (13013): Ports D and ENA on the latch are fed by the same signal state.Dispenser
Warning (13012): Latch saida_dispenser[15]$latch has unsafe behavior
    Warning (13013): Ports D and ENA on the latch are fed by the same signal state.Dispenser
Warning (13012): Latch saida_dispenser[16]$latch has unsafe behavior
    Warning (13013): Ports D and ENA on the latch are fed by the same signal state.Dispenser
Warning (13012): Latch saida_dispenser[17]$latch has unsafe behavior
    Warning (13013): Ports D and ENA on the latch are fed by the same signal state.Dispenser
Warning (13012): Latch saida_dispenser[18]$latch has unsafe behavior
    Warning (13013): Ports D and ENA on the latch are fed by the same signal state.Dispenser
Warning (13012): Latch saida_dispenser[19]$latch has unsafe behavior
    Warning (13013): Ports D and ENA on the latch are fed by the same signal state.Dispenser
Warning (13012): Latch saida_dispenser[20]$latch has unsafe behavior
    Warning (13013): Ports D and ENA on the latch are fed by the same signal state.Dispenser
Warning (13012): Latch saida_dispenser[21]$latch has unsafe behavior
    Warning (13013): Ports D and ENA on the latch are fed by the same signal state.Dispenser
Warning (13012): Latch saida_dispenser[22]$latch has unsafe behavior
    Warning (13013): Ports D and ENA on the latch are fed by the same signal state.Dispenser
Warning (13012): Latch saida_dispenser[23]$latch has unsafe behavior
    Warning (13013): Ports D and ENA on the latch are fed by the same signal state.Dispenser
Warning (13012): Latch saida_dispenser[24]$latch has unsafe behavior
    Warning (13013): Ports D and ENA on the latch are fed by the same signal state.Dispenser
Warning (13012): Latch saida_dispenser[25]$latch has unsafe behavior
    Warning (13013): Ports D and ENA on the latch are fed by the same signal state.Dispenser
Warning (13012): Latch saida_dispenser[26]$latch has unsafe behavior
    Warning (13013): Ports D and ENA on the latch are fed by the same signal state.Dispenser
Warning (13012): Latch saida_dispenser[27]$latch has unsafe behavior
    Warning (13013): Ports D and ENA on the latch are fed by the same signal state.Dispenser
Warning (13012): Latch saida_dispenser[28]$latch has unsafe behavior
    Warning (13013): Ports D and ENA on the latch are fed by the same signal state.Dispenser
Warning (13012): Latch saida_dispenser[29]$latch has unsafe behavior
    Warning (13013): Ports D and ENA on the latch are fed by the same signal state.Dispenser
Warning (13012): Latch saida_dispenser[30]$latch has unsafe behavior
    Warning (13013): Ports D and ENA on the latch are fed by the same signal state.Dispenser
Warning (13012): Latch saida_dispenser[31]$latch has unsafe behavior
    Warning (13013): Ports D and ENA on the latch are fed by the same signal state.Dispenser
Warning (13012): Latch naopago has unsafe behavior
    Warning (13013): Ports D and ENA on the latch are fed by the same signal state.SomaDinheiro
Info (16010): Generating hard_block partition "hard_block:auto_generated_inst"
    Info (16011): Adding 0 node(s), including 0 DDIO, 0 PLL, 0 transceiver and 0 LCELL
Info (21057): Implemented 234 device resources after synthesis - the final resource count might be different
    Info (21058): Implemented 43 input pins
    Info (21059): Implemented 47 output pins
    Info (21061): Implemented 144 logic cells
Info: Quartus II 64-Bit Analysis & Synthesis was successful. 0 errors, 107 warnings
    Info: Peak virtual memory: 4635 megabytes
    Info: Processing ended: Thu Mar 18 18:03:30 2021
    Info: Elapsed time: 00:00:03
    Info: Total CPU time (on all processors): 00:00:03


